2025-11-11 14:56:55,696 [INFO] Starting daily job for 2025-11-10
2025-11-11 14:56:56,761 [INFO] HTTP Request: GET https://ffenletsvfvbqvdbgdow.supabase.co/rest/v1/gameweek?select=gameweek%2Cstart_date%2Cend_date "HTTP/2 200 OK"
2025-11-11 14:56:57,462 [INFO] HTTP Request: GET https://ffenletsvfvbqvdbgdow.supabase.co/rest/v1/player?select=id%2Cteam_id "HTTP/2 200 OK"
2025-11-11 14:56:57,709 [INFO] HTTP Request: GET https://ffenletsvfvbqvdbgdow.supabase.co/rest/v1/player?select=id%2Cteam_id "HTTP/2 200 OK"
2025-11-11 14:56:57,875 [INFO] HTTP Request: PATCH https://ffenletsvfvbqvdbgdow.supabase.co/rest/v1/player?id=eq.1642403 "HTTP/2 200 OK"
2025-11-11 14:56:57,964 [INFO] HTTP Request: PATCH https://ffenletsvfvbqvdbgdow.supabase.co/rest/v1/player?id=eq.1631111 "HTTP/2 200 OK"
2025-11-11 14:56:58,166 [INFO] HTTP Request: GET https://ffenletsvfvbqvdbgdow.supabase.co/rest/v1/player?select=id%2Cteam_id "HTTP/2 200 OK"
2025-11-11 14:56:58,332 [INFO] HTTP Request: GET https://ffenletsvfvbqvdbgdow.supabase.co/rest/v1/player?select=id%2Cteam_id "HTTP/2 200 OK"
2025-11-11 14:56:58,579 [INFO] HTTP Request: GET https://ffenletsvfvbqvdbgdow.supabase.co/rest/v1/player?select=id%2Cteam_id "HTTP/2 200 OK"
2025-11-11 14:56:58,797 [INFO] HTTP Request: GET https://ffenletsvfvbqvdbgdow.supabase.co/rest/v1/player?select=id%2Cteam_id "HTTP/2 200 OK"
2025-11-11 14:56:59,008 [INFO] HTTP Request: GET https://ffenletsvfvbqvdbgdow.supabase.co/rest/v1/player?select=id%2Cteam_id "HTTP/2 200 OK"
2025-11-11 14:56:59,225 [INFO] HTTP Request: GET https://ffenletsvfvbqvdbgdow.supabase.co/rest/v1/player?select=id%2Cteam_id "HTTP/2 200 OK"
2025-11-11 14:56:59,393 [INFO] HTTP Request: GET https://ffenletsvfvbqvdbgdow.supabase.co/rest/v1/player?select=id%2Cteam_id "HTTP/2 200 OK"
2025-11-11 14:56:59,489 [INFO] HTTP Request: POST https://ffenletsvfvbqvdbgdow.supabase.co/rest/v1/game?columns=%22home_team_id%22%2C%22away_team_id%22%2C%22id%22%2C%22gameweek%22%2C%22away_score%22%2C%22home_score%22%2C%22date%22 "HTTP/2 201 Created"
2025-11-11 14:56:59,636 [INFO] HTTP Request: POST https://ffenletsvfvbqvdbgdow.supabase.co/rest/v1/player_game?columns=%22turnovers%22%2C%22assists%22%2C%223pm%22%2C%22ftm%22%2C%22fga%22%2C%22steals%22%2C%223pa%22%2C%22blocks%22%2C%22score%22%2C%22fta%22%2C%22rebounds%22%2C%22fgm%22%2C%22points%22%2C%22minutes%22%2C%22game_id%22%2C%22player_id%22 "HTTP/2 201 Created"
2025-11-11 14:56:59,648 [INFO] ✅ Successfully completed job for  2025-11-10
2025-11-11 15:26:14,012 [INFO] HTTP Request: GET https://ffenletsvfvbqvdbgdow.supabase.co/rest/v1/player?select=id "HTTP/2 200 OK"
2025-11-11 15:26:16,352 [INFO] HTTP Request: POST https://ffenletsvfvbqvdbgdow.supabase.co/rest/v1/player_history?columns=%22points%22%2C%22fgm%22%2C%22rebounds%22%2C%22assists%22%2C%223pa%22%2C%22fga%22%2C%22minutes%22%2C%22score%22%2C%22season_id%22%2C%22turnovers%22%2C%22steals%22%2C%22ftm%22%2C%22gp%22%2C%22blocks%22%2C%22team_id%22%2C%22fta%22%2C%22gs%22%2C%22player_id%22%2C%223pm%22 "HTTP/2 409 Conflict"
2025-11-11 15:30:21,720 [INFO] HTTP Request: GET https://ffenletsvfvbqvdbgdow.supabase.co/rest/v1/player?select=id "HTTP/2 200 OK"
2025-11-11 15:30:23,913 [INFO] HTTP Request: POST https://ffenletsvfvbqvdbgdow.supabase.co/rest/v1/player_history?columns=%22player_id%22%2C%22season_id%22%2C%22rebounds%22%2C%22fgm%22%2C%22assists%22%2C%22blocks%22%2C%22points%22%2C%22fga%22%2C%22ftm%22%2C%223pa%22%2C%22steals%22%2C%22gs%22%2C%22team_id%22%2C%22turnovers%22%2C%223pm%22%2C%22minutes%22%2C%22gp%22%2C%22fta%22%2C%22score%22 "HTTP/2 201 Created"
2025-11-11 15:34:23,409 [INFO] HTTP Request: GET https://ffenletsvfvbqvdbgdow.supabase.co/rest/v1/player?select=id "HTTP/2 200 OK"
2025-11-11 15:34:26,878 [INFO] HTTP Request: POST https://ffenletsvfvbqvdbgdow.supabase.co/rest/v1/player_history?columns=%22steals%22%2C%223pm%22%2C%22gp%22%2C%223pa%22%2C%22score%22%2C%22turnovers%22%2C%22season_id%22%2C%22fgm%22%2C%22fta%22%2C%22assists%22%2C%22player_id%22%2C%22blocks%22%2C%22rebounds%22%2C%22minutes%22%2C%22ftm%22%2C%22gs%22%2C%22team_id%22%2C%22fga%22%2C%22points%22 "HTTP/2 409 Conflict"
2025-11-11 15:36:36,371 [INFO] HTTP Request: GET https://ffenletsvfvbqvdbgdow.supabase.co/rest/v1/player?select=id "HTTP/2 200 OK"
2025-11-11 15:36:39,942 [INFO] HTTP Request: POST https://ffenletsvfvbqvdbgdow.supabase.co/rest/v1/player_history?columns=%22gs%22%2C%223pm%22%2C%22season_id%22%2C%22minutes%22%2C%22team_id%22%2C%22ftm%22%2C%22player_id%22%2C%22assists%22%2C%22turnovers%22%2C%22gp%22%2C%22fga%22%2C%22fgm%22%2C%22steals%22%2C%22fta%22%2C%22points%22%2C%22rebounds%22%2C%223pa%22%2C%22score%22%2C%22blocks%22 "HTTP/2 409 Conflict"
2025-11-11 15:37:42,866 [INFO] HTTP Request: GET https://ffenletsvfvbqvdbgdow.supabase.co/rest/v1/player?select=id "HTTP/2 200 OK"
2025-11-11 15:47:51,123 [INFO] HTTP Request: GET https://ffenletsvfvbqvdbgdow.supabase.co/rest/v1/player?select=id "HTTP/2 200 OK"
2025-11-11 15:47:54,151 [INFO] HTTP Request: POST https://ffenletsvfvbqvdbgdow.supabase.co/rest/v1/player_history?columns=%223pa%22%2C%22fgm%22%2C%22points%22%2C%22turnovers%22%2C%22team_id%22%2C%22assists%22%2C%22ftm%22%2C%22gs%22%2C%22steals%22%2C%22rebounds%22%2C%22player_id%22%2C%22score%22%2C%223pm%22%2C%22minutes%22%2C%22season_id%22%2C%22fga%22%2C%22gp%22%2C%22blocks%22%2C%22fta%22 "HTTP/2 201 Created"
2025-11-11 15:49:34,653 [INFO] HTTP Request: GET https://ffenletsvfvbqvdbgdow.supabase.co/rest/v1/player?select=id "HTTP/2 200 OK"
2025-11-11 16:08:02,290 [INFO] HTTP Request: GET https://ffenletsvfvbqvdbgdow.supabase.co/rest/v1/player?select=id "HTTP/2 200 OK"
2025-11-11 16:21:29,749 [INFO] HTTP Request: GET https://ffenletsvfvbqvdbgdow.supabase.co/rest/v1/player?select=id "HTTP/2 200 OK"
2025-11-11 16:22:12,258 [INFO] HTTP Request: POST https://ffenletsvfvbqvdbgdow.supabase.co/rest/v1/player_history?columns=%22ftm%22%2C%22turnovers%22%2C%22minutes%22%2C%22points%22%2C%22rebounds%22%2C%223pm%22%2C%22fgm%22%2C%223pa%22%2C%22team_id%22%2C%22steals%22%2C%22gs%22%2C%22gp%22%2C%22assists%22%2C%22season_id%22%2C%22score%22%2C%22fga%22%2C%22fta%22%2C%22blocks%22%2C%22player_id%22 "HTTP/2 201 Created"
2025-11-11 16:22:53,447 [INFO] HTTP Request: POST https://ffenletsvfvbqvdbgdow.supabase.co/rest/v1/player_history?columns=%22ftm%22%2C%22turnovers%22%2C%22minutes%22%2C%22points%22%2C%22rebounds%22%2C%223pm%22%2C%22fgm%22%2C%223pa%22%2C%22team_id%22%2C%22steals%22%2C%22gs%22%2C%22gp%22%2C%22assists%22%2C%22season_id%22%2C%22score%22%2C%22fga%22%2C%22fta%22%2C%22blocks%22%2C%22player_id%22 "HTTP/2 201 Created"
2025-11-11 16:23:34,802 [INFO] HTTP Request: POST https://ffenletsvfvbqvdbgdow.supabase.co/rest/v1/player_history?columns=%22ftm%22%2C%22turnovers%22%2C%22minutes%22%2C%22points%22%2C%22rebounds%22%2C%223pm%22%2C%22fgm%22%2C%223pa%22%2C%22team_id%22%2C%22steals%22%2C%22gs%22%2C%22gp%22%2C%22assists%22%2C%22season_id%22%2C%22score%22%2C%22fga%22%2C%22fta%22%2C%22blocks%22%2C%22player_id%22 "HTTP/2 201 Created"
2025-11-11 16:24:15,865 [INFO] HTTP Request: POST https://ffenletsvfvbqvdbgdow.supabase.co/rest/v1/player_history?columns=%22ftm%22%2C%22turnovers%22%2C%22minutes%22%2C%22points%22%2C%22rebounds%22%2C%223pm%22%2C%22fgm%22%2C%223pa%22%2C%22team_id%22%2C%22steals%22%2C%22gs%22%2C%22gp%22%2C%22assists%22%2C%22season_id%22%2C%22score%22%2C%22fga%22%2C%22fta%22%2C%22blocks%22%2C%22player_id%22 "HTTP/2 201 Created"
2025-11-11 16:24:57,746 [INFO] HTTP Request: POST https://ffenletsvfvbqvdbgdow.supabase.co/rest/v1/player_history?columns=%22ftm%22%2C%22turnovers%22%2C%22minutes%22%2C%22points%22%2C%22rebounds%22%2C%223pm%22%2C%22fgm%22%2C%223pa%22%2C%22team_id%22%2C%22steals%22%2C%22gs%22%2C%22gp%22%2C%22assists%22%2C%22season_id%22%2C%22score%22%2C%22fga%22%2C%22fta%22%2C%22blocks%22%2C%22player_id%22 "HTTP/2 201 Created"
2025-11-11 16:25:40,959 [INFO] HTTP Request: POST https://ffenletsvfvbqvdbgdow.supabase.co/rest/v1/player_history?columns=%22ftm%22%2C%22turnovers%22%2C%22minutes%22%2C%22points%22%2C%22rebounds%22%2C%223pm%22%2C%22fgm%22%2C%223pa%22%2C%22team_id%22%2C%22steals%22%2C%22gs%22%2C%22gp%22%2C%22assists%22%2C%22season_id%22%2C%22score%22%2C%22fga%22%2C%22fta%22%2C%22blocks%22%2C%22player_id%22 "HTTP/2 201 Created"
2025-11-11 16:26:21,899 [INFO] HTTP Request: POST https://ffenletsvfvbqvdbgdow.supabase.co/rest/v1/player_history?columns=%22ftm%22%2C%22turnovers%22%2C%22minutes%22%2C%22points%22%2C%22rebounds%22%2C%223pm%22%2C%22fgm%22%2C%223pa%22%2C%22team_id%22%2C%22steals%22%2C%22gs%22%2C%22gp%22%2C%22assists%22%2C%22season_id%22%2C%22score%22%2C%22fga%22%2C%22fta%22%2C%22blocks%22%2C%22player_id%22 "HTTP/2 201 Created"
2025-11-11 16:27:04,053 [INFO] HTTP Request: POST https://ffenletsvfvbqvdbgdow.supabase.co/rest/v1/player_history?columns=%22ftm%22%2C%22turnovers%22%2C%22minutes%22%2C%22points%22%2C%22rebounds%22%2C%223pm%22%2C%22fgm%22%2C%223pa%22%2C%22team_id%22%2C%22steals%22%2C%22gs%22%2C%22gp%22%2C%22assists%22%2C%22season_id%22%2C%22score%22%2C%22fga%22%2C%22fta%22%2C%22blocks%22%2C%22player_id%22 "HTTP/2 201 Created"
2025-11-11 16:27:46,504 [INFO] HTTP Request: POST https://ffenletsvfvbqvdbgdow.supabase.co/rest/v1/player_history?columns=%22ftm%22%2C%22turnovers%22%2C%22minutes%22%2C%22points%22%2C%22rebounds%22%2C%223pm%22%2C%22fgm%22%2C%223pa%22%2C%22team_id%22%2C%22steals%22%2C%22gs%22%2C%22gp%22%2C%22assists%22%2C%22season_id%22%2C%22score%22%2C%22fga%22%2C%22fta%22%2C%22blocks%22%2C%22player_id%22 "HTTP/2 201 Created"
2025-11-11 16:28:27,688 [INFO] HTTP Request: POST https://ffenletsvfvbqvdbgdow.supabase.co/rest/v1/player_history?columns=%22ftm%22%2C%22turnovers%22%2C%22minutes%22%2C%22points%22%2C%22rebounds%22%2C%223pm%22%2C%22fgm%22%2C%223pa%22%2C%22team_id%22%2C%22steals%22%2C%22gs%22%2C%22gp%22%2C%22assists%22%2C%22season_id%22%2C%22score%22%2C%22fga%22%2C%22fta%22%2C%22blocks%22%2C%22player_id%22 "HTTP/2 201 Created"
2025-11-11 16:29:08,127 [INFO] HTTP Request: POST https://ffenletsvfvbqvdbgdow.supabase.co/rest/v1/player_history?columns=%22ftm%22%2C%22turnovers%22%2C%22minutes%22%2C%22points%22%2C%22rebounds%22%2C%223pm%22%2C%22fgm%22%2C%223pa%22%2C%22team_id%22%2C%22steals%22%2C%22gs%22%2C%22gp%22%2C%22assists%22%2C%22season_id%22%2C%22score%22%2C%22fga%22%2C%22fta%22%2C%22blocks%22%2C%22player_id%22 "HTTP/2 201 Created"
2025-11-11 16:29:48,259 [INFO] HTTP Request: POST https://ffenletsvfvbqvdbgdow.supabase.co/rest/v1/player_history?columns=%22ftm%22%2C%22turnovers%22%2C%22minutes%22%2C%22points%22%2C%22rebounds%22%2C%223pm%22%2C%22fgm%22%2C%223pa%22%2C%22team_id%22%2C%22steals%22%2C%22gs%22%2C%22gp%22%2C%22assists%22%2C%22season_id%22%2C%22score%22%2C%22fga%22%2C%22fta%22%2C%22blocks%22%2C%22player_id%22 "HTTP/2 201 Created"
2025-11-11 16:34:52,017 [INFO] HTTP Request: GET https://ffenletsvfvbqvdbgdow.supabase.co/rest/v1/player?select=id "HTTP/2 200 OK"
2025-11-11 16:35:16,407 [INFO] HTTP Request: GET https://ffenletsvfvbqvdbgdow.supabase.co/rest/v1/player?select=id "HTTP/2 200 OK"
2025-11-11 16:35:58,945 [INFO] HTTP Request: POST https://ffenletsvfvbqvdbgdow.supabase.co/rest/v1/player_history?columns=%22steals%22%2C%22player_id%22%2C%22fgm%22%2C%22fga%22%2C%22ftm%22%2C%22gp%22%2C%22team_id%22%2C%22minutes%22%2C%223pa%22%2C%22turnovers%22%2C%22blocks%22%2C%22gs%22%2C%22season_id%22%2C%22rebounds%22%2C%22fta%22%2C%22points%22%2C%223pm%22%2C%22assists%22%2C%22score%22 "HTTP/2 201 Created"
2025-11-11 16:36:04,878 [INFO] HTTP Request: POST https://ffenletsvfvbqvdbgdow.supabase.co/rest/v1/player_history?columns=%22steals%22%2C%22player_id%22%2C%22fgm%22%2C%22fga%22%2C%22ftm%22%2C%22gp%22%2C%22team_id%22%2C%22minutes%22%2C%223pa%22%2C%22turnovers%22%2C%22blocks%22%2C%22gs%22%2C%22season_id%22%2C%22rebounds%22%2C%22fta%22%2C%22points%22%2C%223pm%22%2C%22assists%22%2C%22score%22 "HTTP/2 201 Created"
